  [1m[35mSQL (14.7ms)[0m  [1m[35mCREATE EXTENSION IF NOT EXISTS "plpgsql"[0m
  [1m[35m (23.0ms)[0m  [1m[35mDROP TABLE IF EXISTS "gifts" CASCADE[0m
  [1m[35m (43.1ms)[0m  [1m[35mCREATE TABLE "gifts" ("id" bigserial primary key, "title" character varying NOT NULL, "description" character varying NOT NULL, "guest_id" integer NOT NULL, "created_at" timestamp NOT NULL, "updated_at" timestamp NOT NULL)[0m
  [1m[35m (1.7ms)[0m  [1m[35mCREATE  INDEX  "index_gifts_on_guest_id" ON "gifts"  ("guest_id")[0m
  [1m[35m (0.3ms)[0m  [1m[35mDROP TABLE IF EXISTS "guests" CASCADE[0m
  [1m[35m (5.2ms)[0m  [1m[35mCREATE TABLE "guests" ("id" bigserial primary key, "name" character varying NOT NULL, "age" integer NOT NULL, "favorite_color" character varying NOT NULL, "created_at" timestamp NOT NULL, "updated_at" timestamp NOT NULL)[0m
  [1m[35m (0.4ms)[0m  [1m[35mDROP TABLE IF EXISTS "invitations" CASCADE[0m
  [1m[35m (3.5ms)[0m  [1m[35mCREATE TABLE "invitations" ("id" bigserial primary key, "guest_id" integer, "party_id" integer, "created_at" timestamp NOT NULL, "updated_at" timestamp NOT NULL)[0m
  [1m[35m (1.4ms)[0m  [1m[35mCREATE  INDEX  "index_invitations_on_guest_id" ON "invitations"  ("guest_id")[0m
  [1m[35m (1.6ms)[0m  [1m[35mCREATE  INDEX  "index_invitations_on_party_id" ON "invitations"  ("party_id")[0m
  [1m[35m (0.2ms)[0m  [1m[35mDROP TABLE IF EXISTS "parties" CASCADE[0m
  [1m[35m (4.9ms)[0m  [1m[35mCREATE TABLE "parties" ("id" bigserial primary key, "name" character varying NOT NULL, "location" character varying NOT NULL, "created_at" timestamp NOT NULL, "updated_at" timestamp NOT NULL)[0m
  [1m[35m (3.7ms)[0m  [1m[35mCREATE TABLE "schema_migrations" ("version" character varying NOT NULL PRIMARY KEY)[0m
  [1m[35m (1.1ms)[0m  [1m[34mSELECT "schema_migrations"."version" FROM "schema_migrations" ORDER BY "schema_migrations"."version" ASC[0m
  [1m[35m (55.5ms)[0m  [1m[32mINSERT INTO "schema_migrations" (version) VALUES (20170714204346)[0m
  [1m[35m (0.8ms)[0m  [1m[32mINSERT INTO "schema_migrations" (version) VALUES
(20170714204119),
(20170714204225),
(20170714204315);

[0m
  [1m[35m (4.0ms)[0m  [1m[35mCREATE TABLE "ar_internal_metadata" ("key" character varying NOT NULL PRIMARY KEY, "value" character varying, "created_at" timestamp NOT NULL, "updated_at" timestamp NOT NULL)[0m
  [1m[36mActiveRecord::InternalMetadata Load (14.0ms)[0m  [1m[34mSELECT  "ar_internal_metadata".* FROM "ar_internal_metadata" WHERE "ar_internal_metadata"."key" = $1 LIMIT $2[0m  [["key", "environment"], ["LIMIT", 1]]
  [1m[35m (0.3ms)[0m  [1m[35mBEGIN[0m
  [1m[35mSQL (11.1ms)[0m  [1m[32mINSERT INTO "ar_internal_metadata" ("key", "value", "created_at", "updated_at") VALUES ($1, $2, $3, $4) RETURNING "key"[0m  [["key", "environment"], ["value", "development"], ["created_at", "2018-11-07 16:56:29.294449"], ["updated_at", "2018-11-07 16:56:29.294449"]]
  [1m[35m (8.2ms)[0m  [1m[35mCOMMIT[0m
  [1m[36mActiveRecord::InternalMetadata Load (4.0ms)[0m  [1m[34mSELECT  "ar_internal_metadata".* FROM "ar_internal_metadata" WHERE "ar_internal_metadata"."key" = $1 LIMIT $2[0m  [["key", "environment"], ["LIMIT", 1]]
  [1m[35m (0.2ms)[0m  [1m[35mBEGIN[0m
  [1m[35m (0.2ms)[0m  [1m[35mCOMMIT[0m
  [1m[35mSQL (0.5ms)[0m  [1m[35mCREATE EXTENSION IF NOT EXISTS "plpgsql"[0m
  [1m[35m (0.3ms)[0m  [1m[35mDROP TABLE IF EXISTS "gifts" CASCADE[0m
  [1m[35m (9.0ms)[0m  [1m[35mCREATE TABLE "gifts" ("id" bigserial primary key, "title" character varying NOT NULL, "description" character varying NOT NULL, "guest_id" integer NOT NULL, "created_at" timestamp NOT NULL, "updated_at" timestamp NOT NULL)[0m
  [1m[35m (1.7ms)[0m  [1m[35mCREATE  INDEX  "index_gifts_on_guest_id" ON "gifts"  ("guest_id")[0m
  [1m[35m (0.2ms)[0m  [1m[35mDROP TABLE IF EXISTS "guests" CASCADE[0m
  [1m[35m (4.8ms)[0m  [1m[35mCREATE TABLE "guests" ("id" bigserial primary key, "name" character varying NOT NULL, "age" integer NOT NULL, "favorite_color" character varying NOT NULL, "created_at" timestamp NOT NULL, "updated_at" timestamp NOT NULL)[0m
  [1m[35m (0.4ms)[0m  [1m[35mDROP TABLE IF EXISTS "invitations" CASCADE[0m
  [1m[35m (3.1ms)[0m  [1m[35mCREATE TABLE "invitations" ("id" bigserial primary key, "guest_id" integer, "party_id" integer, "created_at" timestamp NOT NULL, "updated_at" timestamp NOT NULL)[0m
  [1m[35m (1.4ms)[0m  [1m[35mCREATE  INDEX  "index_invitations_on_guest_id" ON "invitations"  ("guest_id")[0m
  [1m[35m (1.6ms)[0m  [1m[35mCREATE  INDEX  "index_invitations_on_party_id" ON "invitations"  ("party_id")[0m
  [1m[35m (0.2ms)[0m  [1m[35mDROP TABLE IF EXISTS "parties" CASCADE[0m
  [1m[35m (4.8ms)[0m  [1m[35mCREATE TABLE "parties" ("id" bigserial primary key, "name" character varying NOT NULL, "location" character varying NOT NULL, "created_at" timestamp NOT NULL, "updated_at" timestamp NOT NULL)[0m
  [1m[35m (4.3ms)[0m  [1m[35mCREATE TABLE "schema_migrations" ("version" character varying NOT NULL PRIMARY KEY)[0m
  [1m[35m (0.9ms)[0m  [1m[34mSELECT "schema_migrations"."version" FROM "schema_migrations" ORDER BY "schema_migrations"."version" ASC[0m
  [1m[35m (0.8ms)[0m  [1m[32mINSERT INTO "schema_migrations" (version) VALUES (20170714204346)[0m
  [1m[35m (0.7ms)[0m  [1m[32mINSERT INTO "schema_migrations" (version) VALUES
(20170714204119),
(20170714204225),
(20170714204315);

[0m
  [1m[35m (4.0ms)[0m  [1m[35mCREATE TABLE "ar_internal_metadata" ("key" character varying NOT NULL PRIMARY KEY, "value" character varying, "created_at" timestamp NOT NULL, "updated_at" timestamp NOT NULL)[0m
  [1m[36mActiveRecord::InternalMetadata Load (0.5ms)[0m  [1m[34mSELECT  "ar_internal_metadata".* FROM "ar_internal_metadata" WHERE "ar_internal_metadata"."key" = $1 LIMIT $2[0m  [["key", "environment"], ["LIMIT", 1]]
  [1m[35m (0.1ms)[0m  [1m[35mBEGIN[0m
  [1m[35mSQL (0.9ms)[0m  [1m[32mINSERT INTO "ar_internal_metadata" ("key", "value", "created_at", "updated_at") VALUES ($1, $2, $3, $4) RETURNING "key"[0m  [["key", "environment"], ["value", "development"], ["created_at", "2018-11-07 16:56:29.438872"], ["updated_at", "2018-11-07 16:56:29.438872"]]
  [1m[35m (0.9ms)[0m  [1m[35mCOMMIT[0m
  [1m[36mActiveRecord::InternalMetadata Load (0.4ms)[0m  [1m[34mSELECT  "ar_internal_metadata".* FROM "ar_internal_metadata" WHERE "ar_internal_metadata"."key" = $1 LIMIT $2[0m  [["key", "environment"], ["LIMIT", 1]]
  [1m[35m (0.1ms)[0m  [1m[35mBEGIN[0m
  [1m[35mSQL (0.9ms)[0m  [1m[33mUPDATE "ar_internal_metadata" SET "value" = $1, "updated_at" = $2 WHERE "ar_internal_metadata"."key" = $3[0m  [["value", "test"], ["updated_at", "2018-11-07 16:56:29.445460"], ["key", "environment"]]
  [1m[35m (0.6ms)[0m  [1m[35mCOMMIT[0m
  [1m[35m (1.1ms)[0m  [1m[34mSELECT "schema_migrations"."version" FROM "schema_migrations" ORDER BY "schema_migrations"."version" ASC[0m
  [1m[35m (0.3ms)[0m  [1m[35mBEGIN[0m
  [1m[35mSQL (1.1ms)[0m  [1m[32mINSERT INTO "guests" ("name", "age", "favorite_color", "created_at", "updated_at") VALUES ($1, $2, $3, $4, $5) RETURNING "id"[0m  [["name", "John Smith"], ["age", 45], ["favorite_color", "Blue"], ["created_at", "2018-11-07 16:56:29.568447"], ["updated_at", "2018-11-07 16:56:29.568447"]]
  [1m[35m (0.8ms)[0m  [1m[35mCOMMIT[0m
  [1m[35m (0.2ms)[0m  [1m[35mBEGIN[0m
  [1m[35mSQL (0.5ms)[0m  [1m[32mINSERT INTO "guests" ("name", "age", "favorite_color", "created_at", "updated_at") VALUES ($1, $2, $3, $4, $5) RETURNING "id"[0m  [["name", "Jane Doe"], ["age", 47], ["favorite_color", "Green"], ["created_at", "2018-11-07 16:56:29.573595"], ["updated_at", "2018-11-07 16:56:29.573595"]]
  [1m[35m (0.6ms)[0m  [1m[35mCOMMIT[0m
  [1m[35m (0.2ms)[0m  [1m[35mBEGIN[0m
  [1m[35mSQL (0.4ms)[0m  [1m[32mINSERT INTO "guests" ("name", "age", "favorite_color", "created_at", "updated_at") VALUES ($1, $2, $3, $4, $5) RETURNING "id"[0m  [["name", "Josh Brown"], ["age", 22], ["favorite_color", "Brown"], ["created_at", "2018-11-07 16:56:29.577159"], ["updated_at", "2018-11-07 16:56:29.577159"]]
  [1m[35m (0.6ms)[0m  [1m[35mCOMMIT[0m
  [1m[35m (0.2ms)[0m  [1m[35mBEGIN[0m
  [1m[35mSQL (0.4ms)[0m  [1m[32mINSERT INTO "guests" ("name", "age", "favorite_color", "created_at", "updated_at") VALUES ($1, $2, $3, $4, $5) RETURNING "id"[0m  [["name", "Helen White"], ["age", 25], ["favorite_color", "White"], ["created_at", "2018-11-07 16:56:29.580618"], ["updated_at", "2018-11-07 16:56:29.580618"]]
  [1m[35m (0.6ms)[0m  [1m[35mCOMMIT[0m
  [1m[35m (0.2ms)[0m  [1m[35mBEGIN[0m
  [1m[35mSQL (0.4ms)[0m  [1m[32mINSERT INTO "guests" ("name", "age", "favorite_color", "created_at", "updated_at") VALUES ($1, $2, $3, $4, $5) RETURNING "id"[0m  [["name", "Job Bluth"], ["age", 41], ["favorite_color", "Red"], ["created_at", "2018-11-07 16:56:29.583765"], ["updated_at", "2018-11-07 16:56:29.583765"]]
  [1m[35m (0.6ms)[0m  [1m[35mCOMMIT[0m
  [1m[35m (0.2ms)[0m  [1m[35mBEGIN[0m
  [1m[35mSQL (1.6ms)[0m  [1m[32mINSERT INTO "gifts" ("title", "description", "guest_id", "created_at", "updated_at") VALUES ($1, $2, $3, $4, $5) RETURNING "id"[0m  [["title", "A Bottle of Wine"], ["description", "This one is not so great."], ["guest_id", 1], ["created_at", "2018-11-07 16:56:29.621799"], ["updated_at", "2018-11-07 16:56:29.621799"]]
  [1m[35m (0.6ms)[0m  [1m[35mCOMMIT[0m
  [1m[35m (0.2ms)[0m  [1m[35mBEGIN[0m
  [1m[35mSQL (0.4ms)[0m  [1m[32mINSERT INTO "gifts" ("title", "description", "guest_id", "created_at", "updated_at") VALUES ($1, $2, $3, $4, $5) RETURNING "id"[0m  [["title", "Another Bottle of Wine"], ["description", "This one is not so bad."], ["guest_id", 1], ["created_at", "2018-11-07 16:56:29.626123"], ["updated_at", "2018-11-07 16:56:29.626123"]]
  [1m[35m (0.5ms)[0m  [1m[35mCOMMIT[0m
  [1m[35m (0.2ms)[0m  [1m[35mBEGIN[0m
  [1m[35mSQL (0.4ms)[0m  [1m[32mINSERT INTO "gifts" ("title", "description", "guest_id", "created_at", "updated_at") VALUES ($1, $2, $3, $4, $5) RETURNING "id"[0m  [["title", "The Hunger Games"], ["description", "A bit dark for a gift, but it's good."], ["guest_id", 2], ["created_at", "2018-11-07 16:56:29.629346"], ["updated_at", "2018-11-07 16:56:29.629346"]]
  [1m[35m (0.5ms)[0m  [1m[35mCOMMIT[0m
  [1m[35m (0.2ms)[0m  [1m[35mBEGIN[0m
  [1m[35mSQL (0.4ms)[0m  [1m[32mINSERT INTO "gifts" ("title", "description", "guest_id", "created_at", "updated_at") VALUES ($1, $2, $3, $4, $5) RETURNING "id"[0m  [["title", "Baseball Glove"], ["description", "Feel like a kid again!"], ["guest_id", 3], ["created_at", "2018-11-07 16:56:29.633158"], ["updated_at", "2018-11-07 16:56:29.633158"]]
  [1m[35m (0.6ms)[0m  [1m[35mCOMMIT[0m
  [1m[35m (0.2ms)[0m  [1m[35mBEGIN[0m
  [1m[35mSQL (0.4ms)[0m  [1m[32mINSERT INTO "gifts" ("title", "description", "guest_id", "created_at", "updated_at") VALUES ($1, $2, $3, $4, $5) RETURNING "id"[0m  [["title", "Basketball Tickets"], ["description", "The team's going 82-0 this year."], ["guest_id", 3], ["created_at", "2018-11-07 16:56:29.636384"], ["updated_at", "2018-11-07 16:56:29.636384"]]
  [1m[35m (0.6ms)[0m  [1m[35mCOMMIT[0m
  [1m[35m (0.2ms)[0m  [1m[35mBEGIN[0m
  [1m[35mSQL (0.5ms)[0m  [1m[32mINSERT INTO "gifts" ("title", "description", "guest_id", "created_at", "updated_at") VALUES ($1, $2, $3, $4, $5) RETURNING "id"[0m  [["title", "Hawaiian Getaway"], ["description", "Helen has the best gifts."], ["guest_id", 4], ["created_at", "2018-11-07 16:56:29.639536"], ["updated_at", "2018-11-07 16:56:29.639536"]]
  [1m[35m (0.7ms)[0m  [1m[35mCOMMIT[0m
  [1m[35m (0.2ms)[0m  [1m[35mBEGIN[0m
  [1m[35mSQL (0.7ms)[0m  [1m[32mINSERT INTO "parties" ("name", "location", "created_at", "updated_at") VALUES ($1, $2, $3, $4) RETURNING "id"[0m  [["name", "Secret Santa Extravaganza"], ["location", "Portland"], ["created_at", "2018-11-07 16:56:29.658231"], ["updated_at", "2018-11-07 16:56:29.658231"]]
  [1m[35m (0.5ms)[0m  [1m[35mCOMMIT[0m
  [1m[35m (0.2ms)[0m  [1m[35mBEGIN[0m
  [1m[35mSQL (0.4ms)[0m  [1m[32mINSERT INTO "parties" ("name", "location", "created_at", "updated_at") VALUES ($1, $2, $3, $4) RETURNING "id"[0m  [["name", "Charles' Christmas Party"], ["location", "San Francisco"], ["created_at", "2018-11-07 16:56:29.661306"], ["updated_at", "2018-11-07 16:56:29.661306"]]
  [1m[35m (0.6ms)[0m  [1m[35mCOMMIT[0m
  [1m[35m (0.2ms)[0m  [1m[35mBEGIN[0m
  [1m[35mSQL (0.9ms)[0m  [1m[32mINSERT INTO "invitations" ("guest_id", "party_id", "created_at", "updated_at") VALUES ($1, $2, $3, $4) RETURNING "id"[0m  [["guest_id", 1], ["party_id", 1], ["created_at", "2018-11-07 16:56:29.679154"], ["updated_at", "2018-11-07 16:56:29.679154"]]
  [1m[35m (0.5ms)[0m  [1m[35mCOMMIT[0m
  [1m[35m (0.2ms)[0m  [1m[35mBEGIN[0m
  [1m[35mSQL (0.5ms)[0m  [1m[32mINSERT INTO "invitations" ("guest_id", "party_id", "created_at", "updated_at") VALUES ($1, $2, $3, $4) RETURNING "id"[0m  [["guest_id", 2], ["party_id", 1], ["created_at", "2018-11-07 16:56:29.682435"], ["updated_at", "2018-11-07 16:56:29.682435"]]
  [1m[35m (0.5ms)[0m  [1m[35mCOMMIT[0m
  [1m[35m (0.2ms)[0m  [1m[35mBEGIN[0m
  [1m[35mSQL (0.4ms)[0m  [1m[32mINSERT INTO "invitations" ("guest_id", "party_id", "created_at", "updated_at") VALUES ($1, $2, $3, $4) RETURNING "id"[0m  [["guest_id", 3], ["party_id", 1], ["created_at", "2018-11-07 16:56:29.684919"], ["updated_at", "2018-11-07 16:56:29.684919"]]
  [1m[35m (0.6ms)[0m  [1m[35mCOMMIT[0m
  [1m[35m (0.2ms)[0m  [1m[35mBEGIN[0m
  [1m[35mSQL (0.4ms)[0m  [1m[32mINSERT INTO "invitations" ("guest_id", "party_id", "created_at", "updated_at") VALUES ($1, $2, $3, $4) RETURNING "id"[0m  [["guest_id", 4], ["party_id", 1], ["created_at", "2018-11-07 16:56:29.687595"], ["updated_at", "2018-11-07 16:56:29.687595"]]
  [1m[35m (0.5ms)[0m  [1m[35mCOMMIT[0m
  [1m[35m (0.2ms)[0m  [1m[35mBEGIN[0m
  [1m[35mSQL (0.4ms)[0m  [1m[32mINSERT INTO "invitations" ("guest_id", "party_id", "created_at", "updated_at") VALUES ($1, $2, $3, $4) RETURNING "id"[0m  [["guest_id", 5], ["party_id", 1], ["created_at", "2018-11-07 16:56:29.690011"], ["updated_at", "2018-11-07 16:56:29.690011"]]
  [1m[35m (0.6ms)[0m  [1m[35mCOMMIT[0m
  [1m[35m (0.2ms)[0m  [1m[35mBEGIN[0m
  [1m[35mSQL (0.4ms)[0m  [1m[32mINSERT INTO "invitations" ("guest_id", "party_id", "created_at", "updated_at") VALUES ($1, $2, $3, $4) RETURNING "id"[0m  [["guest_id", 3], ["party_id", 2], ["created_at", "2018-11-07 16:56:29.692558"], ["updated_at", "2018-11-07 16:56:29.692558"]]
  [1m[35m (0.5ms)[0m  [1m[35mCOMMIT[0m
  [1m[35m (0.2ms)[0m  [1m[35mBEGIN[0m
  [1m[35mSQL (0.4ms)[0m  [1m[32mINSERT INTO "invitations" ("guest_id", "party_id", "created_at", "updated_at") VALUES ($1, $2, $3, $4) RETURNING "id"[0m  [["guest_id", 4], ["party_id", 2], ["created_at", "2018-11-07 16:56:29.695143"], ["updated_at", "2018-11-07 16:56:29.695143"]]
  [1m[35m (0.5ms)[0m  [1m[35mCOMMIT[0m
Started GET "/" for 127.0.0.1 at 2018-11-07 12:07:03 -0500
Started GET "/" for 127.0.0.1 at 2018-11-07 12:07:03 -0500
  [1m[35m (1.2ms)[0m  [1m[34mSELECT "schema_migrations"."version" FROM "schema_migrations" ORDER BY "schema_migrations"."version" ASC[0m
  [1m[35m (1.9ms)[0m  [1m[34mSELECT "schema_migrations"."version" FROM "schema_migrations" ORDER BY "schema_migrations"."version" ASC[0m
Started GET "/" for 127.0.0.1 at 2018-11-07 12:20:35 -0500
  [1m[35m (12.9ms)[0m  [1m[34mSELECT "schema_migrations"."version" FROM "schema_migrations" ORDER BY "schema_migrations"."version" ASC[0m
Processing by Rails::WelcomeController#index as HTML
  Rendering /usr/local/var/rbenv/versions/2.5.1/lib/ruby/gems/2.5.0/gems/railties-5.1.6/lib/rails/templates/rails/welcome/index.html.erb
  Rendered /usr/local/var/rbenv/versions/2.5.1/lib/ruby/gems/2.5.0/gems/railties-5.1.6/lib/rails/templates/rails/welcome/index.html.erb (3.6ms)
Completed 200 OK in 95ms (Views: 90.2ms | ActiveRecord: 0.0ms)


Started GET "/api/guests/1" for 127.0.0.1 at 2018-11-07 12:21:00 -0500
Processing by Api::GuestsController#show as JSON
  Parameters: {"id"=>"1"}
  [1m[36mGuest Load (24.0ms)[0m  [1m[34mSELECT  "guests".* FROM "guests" WHERE "guests"."id" = $1 LIMIT $2[0m  [["id", 1], ["LIMIT", 1]]
  Rendering api/guests/show.json.jbuilder
  Rendered api/guests/show.json.jbuilder (24.1ms)
Completed 200 OK in 450ms (Views: 32.4ms | ActiveRecord: 227.2ms)


Started GET "/api/guests/1" for 127.0.0.1 at 2018-11-07 12:34:34 -0500
Processing by Api::GuestsController#show as JSON
  Parameters: {"id"=>"1"}
  [1m[36mGuest Load (0.4ms)[0m  [1m[34mSELECT  "guests".* FROM "guests" WHERE "guests"."id" = $1 LIMIT $2[0m  [["id", 1], ["LIMIT", 1]]
  Rendering api/guests/show.json.jbuilder
  Rendered api/guests/show.json.jbuilder (13.5ms)
Completed 200 OK in 21ms (Views: 19.7ms | ActiveRecord: 0.4ms)


Started GET "/api/guests/1" for 127.0.0.1 at 2018-11-07 12:35:18 -0500
Processing by Api::GuestsController#show as JSON
  Parameters: {"id"=>"1"}
  [1m[36mGuest Load (0.5ms)[0m  [1m[34mSELECT  "guests".* FROM "guests" WHERE "guests"."id" = $1 LIMIT $2[0m  [["id", 1], ["LIMIT", 1]]
  Rendering api/guests/show.json.jbuilder
  Rendered api/guests/show.json.jbuilder (0.5ms)
Completed 200 OK in 10ms (Views: 7.6ms | ActiveRecord: 0.5ms)


Started GET "/api/guests/1" for 127.0.0.1 at 2018-11-07 12:37:51 -0500
Processing by Api::GuestsController#show as JSON
  Parameters: {"id"=>"1"}
  [1m[36mGuest Load (0.5ms)[0m  [1m[34mSELECT  "guests".* FROM "guests" WHERE "guests"."id" = $1 LIMIT $2[0m  [["id", 1], ["LIMIT", 1]]
  Rendering api/guests/show.json.jbuilder
  Rendered api/guests/show.json.jbuilder (0.8ms)
Completed 200 OK in 13ms (Views: 11.2ms | ActiveRecord: 0.5ms)


Started GET "/api/guests/" for 127.0.0.1 at 2018-11-07 12:37:56 -0500
Processing by Api::GuestsController#index as JSON
  Rendering api/guests/index.json.jbuilder
  [1m[36mGuest Load (0.5ms)[0m  [1m[34mSELECT "guests".* FROM "guests"[0m
  Rendered api/guests/index.json.jbuilder (2.9ms)
Completed 200 OK in 14ms (Views: 12.9ms | ActiveRecord: 0.5ms)


Started GET "/api/guests/" for 127.0.0.1 at 2018-11-07 12:38:18 -0500
Processing by Api::GuestsController#index as JSON
  Rendering api/guests/index.json.jbuilder
  [1m[36mGuest Load (0.3ms)[0m  [1m[34mSELECT "guests".* FROM "guests"[0m
  Rendered api/guests/index.json.jbuilder (2.1ms)
Completed 200 OK in 12ms (Views: 11.0ms | ActiveRecord: 0.3ms)


Started GET "/api/guests/" for 127.0.0.1 at 2018-11-07 12:40:05 -0500
Processing by Api::GuestsController#index as JSON
  Rendering api/guests/index.json.jbuilder
  Rendered api/guests/index.json.jbuilder (1.1ms)
Completed 500 Internal Server Error in 9ms (ActiveRecord: 0.0ms)



SyntaxError - syntax error, unexpected tIDENTIFIER, expecting keyword_end
...tial! '/api/guests/guest' guest
...                          ^~~~~
/Users/appacademy/Desktop/W7D3_4/jbuilder/app/views/api/guests/index.json.jbuilder:6: syntax error, unexpected keyword_ensure, expecting end-of-input
          ensure
          ^~~~~~:
  app/views/api/guests/index.json.jbuilder:2:in `'
  app/controllers/api/guests_controller.rb:4:in `index'

Started POST "/__better_errors/8b28214b87a84c64/variables" for 127.0.0.1 at 2018-11-07 12:40:05 -0500
Started GET "/api/guests/" for 127.0.0.1 at 2018-11-07 12:40:19 -0500
Processing by Api::GuestsController#index as JSON
  Rendering api/guests/index.json.jbuilder
  Rendered api/guests/index.json.jbuilder (1.5ms)
Completed 500 Internal Server Error in 11ms (ActiveRecord: 0.0ms)



SyntaxError - syntax error, unexpected tIDENTIFIER, expecting keyword_end
...rtial! 'api/guests/guest' guest
...                          ^~~~~
/Users/appacademy/Desktop/W7D3_4/jbuilder/app/views/api/guests/index.json.jbuilder:6: syntax error, unexpected keyword_ensure, expecting end-of-input
          ensure
          ^~~~~~:
  app/views/api/guests/index.json.jbuilder:2:in `'
  app/controllers/api/guests_controller.rb:4:in `index'

Started POST "/__better_errors/44218169d991ff89/variables" for 127.0.0.1 at 2018-11-07 12:40:19 -0500
Started GET "/api/guests/" for 127.0.0.1 at 2018-11-07 12:40:51 -0500
Processing by Api::GuestsController#index as JSON
  Rendering api/guests/index.json.jbuilder
  [1m[36mGuest Load (0.4ms)[0m  [1m[34mSELECT "guests".* FROM "guests"[0m
  Rendered api/guests/_guest.json.jbuilder (0.4ms)
  Rendered api/guests/_guest.json.jbuilder (0.0ms)
  Rendered api/guests/_guest.json.jbuilder (0.0ms)
  Rendered api/guests/_guest.json.jbuilder (0.0ms)
  Rendered api/guests/_guest.json.jbuilder (0.0ms)
  Rendered api/guests/index.json.jbuilder (12.3ms)
Completed 200 OK in 19ms (Views: 18.2ms | ActiveRecord: 0.4ms)


Started GET "/api/guests/1" for 127.0.0.1 at 2018-11-07 12:41:07 -0500
Processing by Api::GuestsController#show as JSON
  Parameters: {"id"=>"1"}
  [1m[36mGuest Load (0.8ms)[0m  [1m[34mSELECT  "guests".* FROM "guests" WHERE "guests"."id" = $1 LIMIT $2[0m  [["id", 1], ["LIMIT", 1]]
  Rendering api/guests/show.json.jbuilder
  Rendered api/guests/_guest.json.jbuilder (0.5ms)
  Rendered api/guests/show.json.jbuilder (2.0ms)
Completed 200 OK in 13ms (Views: 9.0ms | ActiveRecord: 1.0ms)


Started GET "/api/guests/1" for 127.0.0.1 at 2018-11-07 12:56:48 -0500
Processing by Api::GuestsController#show as JSON
  Parameters: {"id"=>"1"}
  [1m[36mGuest Load (0.4ms)[0m  [1m[34mSELECT  "guests".* FROM "guests" WHERE "guests"."id" = $1 LIMIT $2[0m  [["id", 1], ["LIMIT", 1]]
Completed 500 Internal Server Error in 32ms (ActiveRecord: 9.5ms)



NoMethodError - undefined method `includes' for #<Guest:0x00007fdeb4e40030>:
  app/controllers/api/guests_controller.rb:8:in `show'

Started POST "/__better_errors/17e8fe8b9f62cdad/variables" for 127.0.0.1 at 2018-11-07 12:56:48 -0500
Started GET "/api/guests/1" for 127.0.0.1 at 2018-11-07 12:57:01 -0500
Processing by Api::GuestsController#show as JSON
  Parameters: {"id"=>"1"}
  [1m[36mGuest Load (0.4ms)[0m  [1m[34mSELECT  "guests".* FROM "guests" WHERE "guests"."id" = $1 LIMIT $2[0m  [["id", 1], ["LIMIT", 1]]
  Rendering api/guests/show.json.jbuilder
  Rendered api/guests/_guest.json.jbuilder (0.5ms)
  Rendered api/guests/show.json.jbuilder (2.1ms)
Completed 200 OK in 21ms (Views: 9.6ms | ActiveRecord: 0.4ms)


Started GET "/api/guests/2" for 127.0.0.1 at 2018-11-07 12:57:08 -0500
Processing by Api::GuestsController#show as JSON
  Parameters: {"id"=>"2"}
  [1m[36mGuest Load (0.4ms)[0m  [1m[34mSELECT  "guests".* FROM "guests" WHERE "guests"."id" = $1 LIMIT $2[0m  [["id", 2], ["LIMIT", 1]]
  Rendering api/guests/show.json.jbuilder
  Rendered api/guests/_guest.json.jbuilder (0.9ms)
  Rendered api/guests/show.json.jbuilder (3.4ms)
Completed 200 OK in 12ms (Views: 10.0ms | ActiveRecord: 0.4ms)


Started GET "/api/guests/2" for 127.0.0.1 at 2018-11-07 12:57:30 -0500
Processing by Api::GuestsController#show as JSON
  Parameters: {"id"=>"2"}
  [1m[36mGuest Load (0.4ms)[0m  [1m[34mSELECT  "guests".* FROM "guests" WHERE "guests"."id" = $1 LIMIT $2[0m  [["id", 2], ["LIMIT", 1]]
  Rendering api/guests/show.json.jbuilder
  Rendered api/guests/_guest.json.jbuilder (0.3ms)
  [1m[36mGift Load (25.0ms)[0m  [1m[34mSELECT "gifts".* FROM "gifts" WHERE "gifts"."guest_id" = $1[0m  [["guest_id", 2]]
  Rendered api/guests/show.json.jbuilder (119.1ms)
Completed 200 OK in 129ms (Views: 95.4ms | ActiveRecord: 31.7ms)


Started GET "/api/guests/2" for 127.0.0.1 at 2018-11-07 12:59:14 -0500
Processing by Api::GuestsController#show as JSON
  Parameters: {"id"=>"2"}
  [1m[36mGuest Load (0.4ms)[0m  [1m[34mSELECT  "guests".* FROM "guests" WHERE "guests"."id" = $1 LIMIT $2[0m  [["id", 2], ["LIMIT", 1]]
  Rendering api/guests/show.json.jbuilder
  Rendered api/guests/_guest.json.jbuilder (0.4ms)
  [1m[36mGift Load (1.1ms)[0m  [1m[34mSELECT "gifts".* FROM "gifts" WHERE "gifts"."guest_id" = $1[0m  [["guest_id", 2]]
  Rendered api/guests/show.json.jbuilder (5.2ms)
Completed 200 OK in 17ms (Views: 13.8ms | ActiveRecord: 1.5ms)


Started GET "/api/gifts/2" for 127.0.0.1 at 2018-11-07 13:05:58 -0500
Processing by Api::GiftsController#show as JSON
  Parameters: {"id"=>"2"}
  [1m[36mGift Load (3.4ms)[0m  [1m[34mSELECT  "gifts".* FROM "gifts" WHERE "gifts"."id" = $1 LIMIT $2[0m  [["id", 2], ["LIMIT", 1]]
  Rendering api/gifts/show.json.jbuilder
  Rendered api/gifts/_gift.json.jbuilder (0.2ms)
  Rendered api/gifts/show.json.jbuilder (1.4ms)
Completed 200 OK in 15ms (Views: 8.0ms | ActiveRecord: 3.4ms)


Started GET "/api/gifts/1" for 127.0.0.1 at 2018-11-07 13:06:01 -0500
Processing by Api::GiftsController#show as JSON
  Parameters: {"id"=>"1"}
  [1m[36mGift Load (0.4ms)[0m  [1m[34mSELECT  "gifts".* FROM "gifts" WHERE "gifts"."id" = $1 LIMIT $2[0m  [["id", 1], ["LIMIT", 1]]
  Rendering api/gifts/show.json.jbuilder
  Rendered api/gifts/_gift.json.jbuilder (0.4ms)
  Rendered api/gifts/show.json.jbuilder (3.0ms)
Completed 200 OK in 14ms (Views: 12.1ms | ActiveRecord: 0.4ms)


Started GET "/api/gift/1" for 127.0.0.1 at 2018-11-07 13:06:05 -0500
  
ActionController::RoutingError (No route matches [GET] "/api/gift/1"):
  
actionpack (5.1.6) lib/action_dispatch/middleware/debug_exceptions.rb:63:in `call'
web-console (3.7.0) lib/web_console/middleware.rb:135:in `call_app'
web-console (3.7.0) lib/web_console/middleware.rb:30:in `block in call'
web-console (3.7.0) lib/web_console/middleware.rb:20:in `catch'
web-console (3.7.0) lib/web_console/middleware.rb:20:in `call'
actionpack (5.1.6) lib/action_dispatch/middleware/show_exceptions.rb:31:in `call'
railties (5.1.6) lib/rails/rack/logger.rb:36:in `call_app'
railties (5.1.6) lib/rails/rack/logger.rb:24:in `block in call'
activesupport (5.1.6) lib/active_support/tagged_logging.rb:69:in `block in tagged'
activesupport (5.1.6) lib/active_support/tagged_logging.rb:26:in `tagged'
activesupport (5.1.6) lib/active_support/tagged_logging.rb:69:in `tagged'
railties (5.1.6) lib/rails/rack/logger.rb:24:in `call'
sprockets-rails (3.2.1) lib/sprockets/rails/quiet_assets.rb:13:in `call'
actionpack (5.1.6) lib/action_dispatch/middleware/remote_ip.rb:79:in `call'
actionpack (5.1.6) lib/action_dispatch/middleware/request_id.rb:25:in `call'
rack (2.0.6) lib/rack/method_override.rb:22:in `call'
rack (2.0.6) lib/rack/runtime.rb:22:in `call'
activesupport (5.1.6) lib/active_support/cache/strategy/local_cache_middleware.rb:27:in `call'
actionpack (5.1.6) lib/action_dispatch/middleware/executor.rb:12:in `call'
actionpack (5.1.6) lib/action_dispatch/middleware/static.rb:125:in `call'
rack (2.0.6) lib/rack/sendfile.rb:111:in `call'
railties (5.1.6) lib/rails/engine.rb:522:in `call'
puma (3.12.0) lib/puma/configuration.rb:225:in `call'
puma (3.12.0) lib/puma/server.rb:658:in `handle_request'
puma (3.12.0) lib/puma/server.rb:472:in `process_client'
puma (3.12.0) lib/puma/server.rb:332:in `block in run'
puma (3.12.0) lib/puma/thread_pool.rb:133:in `block in spawn_thread'
Started GET "/api/gift/1" for 127.0.0.1 at 2018-11-07 13:06:49 -0500
  
ActionController::RoutingError (No route matches [GET] "/api/gift/1"):
  
actionpack (5.1.6) lib/action_dispatch/middleware/debug_exceptions.rb:63:in `call'
web-console (3.7.0) lib/web_console/middleware.rb:135:in `call_app'
web-console (3.7.0) lib/web_console/middleware.rb:30:in `block in call'
web-console (3.7.0) lib/web_console/middleware.rb:20:in `catch'
web-console (3.7.0) lib/web_console/middleware.rb:20:in `call'
actionpack (5.1.6) lib/action_dispatch/middleware/show_exceptions.rb:31:in `call'
railties (5.1.6) lib/rails/rack/logger.rb:36:in `call_app'
railties (5.1.6) lib/rails/rack/logger.rb:24:in `block in call'
activesupport (5.1.6) lib/active_support/tagged_logging.rb:69:in `block in tagged'
activesupport (5.1.6) lib/active_support/tagged_logging.rb:26:in `tagged'
activesupport (5.1.6) lib/active_support/tagged_logging.rb:69:in `tagged'
railties (5.1.6) lib/rails/rack/logger.rb:24:in `call'
sprockets-rails (3.2.1) lib/sprockets/rails/quiet_assets.rb:13:in `call'
actionpack (5.1.6) lib/action_dispatch/middleware/remote_ip.rb:79:in `call'
actionpack (5.1.6) lib/action_dispatch/middleware/request_id.rb:25:in `call'
rack (2.0.6) lib/rack/method_override.rb:22:in `call'
rack (2.0.6) lib/rack/runtime.rb:22:in `call'
activesupport (5.1.6) lib/active_support/cache/strategy/local_cache_middleware.rb:27:in `call'
actionpack (5.1.6) lib/action_dispatch/middleware/executor.rb:12:in `call'
actionpack (5.1.6) lib/action_dispatch/middleware/static.rb:125:in `call'
rack (2.0.6) lib/rack/sendfile.rb:111:in `call'
railties (5.1.6) lib/rails/engine.rb:522:in `call'
puma (3.12.0) lib/puma/configuration.rb:225:in `call'
puma (3.12.0) lib/puma/server.rb:658:in `handle_request'
puma (3.12.0) lib/puma/server.rb:472:in `process_client'
puma (3.12.0) lib/puma/server.rb:332:in `block in run'
puma (3.12.0) lib/puma/thread_pool.rb:133:in `block in spawn_thread'
Started GET "/api/gifts/1" for 127.0.0.1 at 2018-11-07 13:06:52 -0500
Processing by Api::GiftsController#show as JSON
  Parameters: {"id"=>"1"}
  [1m[36mGift Load (0.4ms)[0m  [1m[34mSELECT  "gifts".* FROM "gifts" WHERE "gifts"."id" = $1 LIMIT $2[0m  [["id", 1], ["LIMIT", 1]]
  Rendering api/gifts/show.json.jbuilder
  Rendered api/gifts/_gift.json.jbuilder (0.4ms)
  Rendered api/gifts/show.json.jbuilder (2.4ms)
Completed 200 OK in 31ms (Views: 11.1ms | ActiveRecord: 8.5ms)


Started GET "/api/gifts/1" for 127.0.0.1 at 2018-11-07 13:07:24 -0500
Processing by Api::GiftsController#show as JSON
  Parameters: {"id"=>"1"}
  [1m[36mGift Load (0.6ms)[0m  [1m[34mSELECT  "gifts".* FROM "gifts" WHERE "gifts"."id" = $1 LIMIT $2[0m  [["id", 1], ["LIMIT", 1]]
  Rendering api/gifts/show.json.jbuilder
  Rendered api/gifts/_gift.json.jbuilder (0.3ms)
  Rendered api/gifts/show.json.jbuilder (1.6ms)
Completed 200 OK in 14ms (Views: 11.5ms | ActiveRecord: 0.6ms)


Started GET "/api/gifts/1" for 127.0.0.1 at 2018-11-07 13:15:51 -0500
Processing by Api::GiftsController#show as JSON
  Parameters: {"id"=>"1"}
  [1m[36mGift Load (0.4ms)[0m  [1m[34mSELECT  "gifts".* FROM "gifts" WHERE "gifts"."id" = $1 LIMIT $2[0m  [["id", 1], ["LIMIT", 1]]
  Rendering api/gifts/show.json.jbuilder
  Rendered api/gifts/_gift.json.jbuilder (0.3ms)
  Rendered api/gifts/show.json.jbuilder (1.7ms)
Completed 200 OK in 12ms (Views: 9.8ms | ActiveRecord: 0.4ms)


Started GET "/api/guests/1/gifts" for 127.0.0.1 at 2018-11-07 13:17:48 -0500
Processing by Api::GiftsController#index as JSON
  Parameters: {"guest_id"=>"1"}
  Rendering api/gifts/index.json.jbuilder
  [1m[36mGift Load (0.5ms)[0m  [1m[34mSELECT "gifts".* FROM "gifts" WHERE "gifts"."guest_id" = $1[0m  [["guest_id", 1]]
  Rendered api/gifts/_gift.json.jbuilder (0.3ms)
  Rendered api/gifts/_gift.json.jbuilder (0.0ms)
  Rendered api/gifts/index.json.jbuilder (11.2ms)
Completed 200 OK in 24ms (Views: 17.0ms | ActiveRecord: 0.5ms)


Started GET "/api/guests/1/gifts" for 127.0.0.1 at 2018-11-07 13:18:11 -0500
Processing by Api::GiftsController#index as JSON
  Parameters: {"guest_id"=>"1"}
  Rendering api/gifts/index.json.jbuilder
  [1m[36mGift Load (0.7ms)[0m  [1m[34mSELECT "gifts".* FROM "gifts" WHERE "gifts"."guest_id" = $1[0m  [["guest_id", 1]]
  Rendered api/gifts/_gift.json.jbuilder (0.4ms)
  Rendered api/gifts/_gift.json.jbuilder (0.1ms)
  Rendered api/gifts/index.json.jbuilder (6.2ms)
Completed 200 OK in 18ms (Views: 17.2ms | ActiveRecord: 0.6ms)


Started GET "/api/parties/1" for 127.0.0.1 at 2018-11-07 13:38:33 -0500
Processing by Api::PartiesController#show as JSON
  Parameters: {"id"=>"1"}
  [1m[36mParty Load (16.2ms)[0m  [1m[34mSELECT  "parties".* FROM "parties" WHERE "parties"."id" = $1 LIMIT $2[0m  [["id", 1], ["LIMIT", 1]]
  Rendering api/parties/show.json.jbuilder
  Rendered api/parties/_party.json.jbuilder (0.3ms)
  [1m[36mGuest Load (13.3ms)[0m  [1m[34mSELECT "guests".* FROM "guests" INNER JOIN "invitations" ON "guests"."id" = "invitations"."guest_id" WHERE "invitations"."party_id" = $1[0m  [["party_id", 1]]
  Rendered api/guests/_guest.json.jbuilder (0.3ms)
  Rendered api/guests/_guest.json.jbuilder (0.0ms)
  Rendered api/guests/_guest.json.jbuilder (0.0ms)
  Rendered api/guests/_guest.json.jbuilder (0.0ms)
  Rendered api/guests/_guest.json.jbuilder (0.0ms)
  Rendered api/parties/show.json.jbuilder (54.0ms)
Completed 200 OK in 117ms (Views: 41.0ms | ActiveRecord: 43.0ms)


Started GET "/api/parties/1" for 127.0.0.1 at 2018-11-07 13:38:50 -0500
Processing by Api::PartiesController#show as JSON
  Parameters: {"id"=>"1"}
  [1m[36mParty Load (0.6ms)[0m  [1m[34mSELECT  "parties".* FROM "parties" WHERE "parties"."id" = $1 LIMIT $2[0m  [["id", 1], ["LIMIT", 1]]
  Rendering api/parties/show.json.jbuilder
  Rendered api/parties/_party.json.jbuilder (0.5ms)
  [1m[36mGuest Load (2.1ms)[0m  [1m[34mSELECT "guests".* FROM "guests" INNER JOIN "invitations" ON "guests"."id" = "invitations"."guest_id" WHERE "invitations"."party_id" = $1[0m  [["party_id", 1]]
  Rendered api/guests/_guest.json.jbuilder (0.6ms)
  Rendered api/guests/_guest.json.jbuilder (0.1ms)
  Rendered api/guests/_guest.json.jbuilder (0.1ms)
  Rendered api/guests/_guest.json.jbuilder (0.1ms)
  Rendered api/guests/_guest.json.jbuilder (0.1ms)
  Rendered api/parties/show.json.jbuilder (18.7ms)
Completed 200 OK in 31ms (Views: 26.4ms | ActiveRecord: 2.7ms)


Started GET "/api/parties/1" for 127.0.0.1 at 2018-11-07 13:39:57 -0500
Processing by Api::PartiesController#show as JSON
  Parameters: {"id"=>"1"}
  [1m[36mParty Load (0.3ms)[0m  [1m[34mSELECT  "parties".* FROM "parties" WHERE "parties"."id" = $1 LIMIT $2[0m  [["id", 1], ["LIMIT", 1]]
  Rendering api/parties/show.json.jbuilder
  Rendered api/parties/_party.json.jbuilder (0.3ms)
  [1m[36mGuest Load (1.1ms)[0m  [1m[34mSELECT "guests".* FROM "guests" INNER JOIN "invitations" ON "guests"."id" = "invitations"."guest_id" WHERE "invitations"."party_id" = $1[0m  [["party_id", 1]]
  Rendered api/parties/show.json.jbuilder (11.3ms)
Completed 500 Internal Server Error in 19ms (ActiveRecord: 1.4ms)



ActionView::MissingTemplate - Missing partial api/guests/_show with {:locale=>[:en], :formats=>[:json], :variants=>[], :handlers=>[:jbuilder]}. Searched in:
  * "/Users/appacademy/Desktop/W7D3_4/jbuilder/app/views"
:
  app/views/api/parties/show.json.jbuilder:5:in `block (2 levels) in _app_views_api_parties_show_json_jbuilder___3988871706294035259_70297255673220'
  app/views/api/parties/show.json.jbuilder:4:in `block in _app_views_api_parties_show_json_jbuilder___3988871706294035259_70297255673220'
  app/views/api/parties/show.json.jbuilder:3:in `_app_views_api_parties_show_json_jbuilder___3988871706294035259_70297255673220'
  app/controllers/api/parties_controller.rb:9:in `show'

Started POST "/__better_errors/5600f9100d79b25e/variables" for 127.0.0.1 at 2018-11-07 13:39:58 -0500
Started GET "/api/guests/1" for 127.0.0.1 at 2018-11-07 13:43:40 -0500
Processing by Api::GuestsController#show as JSON
  Parameters: {"id"=>"1"}
  [1m[36mGuest Load (0.4ms)[0m  [1m[34mSELECT  "guests".* FROM "guests" WHERE "guests"."id" = $1 LIMIT $2[0m  [["id", 1], ["LIMIT", 1]]
  Rendering api/guests/show.json.jbuilder
  Rendered api/guests/_guest.json.jbuilder (1.2ms)
  [1m[36mGift Load (0.5ms)[0m  [1m[34mSELECT "gifts".* FROM "gifts" WHERE "gifts"."guest_id" = $1[0m  [["guest_id", 1]]
  Rendered api/guests/_show.json.jbuilder (30.0ms)
  Rendered api/guests/show.json.jbuilder (31.4ms)
Completed 200 OK in 44ms (Views: 40.0ms | ActiveRecord: 0.8ms)


